<?xml version="1.0" encoding="UTF-8"?>
<!-- Generated by org.testng.reporters.JUnitXMLReporter -->
<testsuite ignored="7" hostname="DESKTOP-BAPOS79" failures="0" tests="17" name="Default test" time="135.341" errors="0" timestamp="2021-12-30T22:42:58 CET">
  <testcase classname="com.mystore.testcases.AddToCardPageTest" name="addToCartTest" time="5.816"/>
  <testcase classname="com.mystore.testcases.AccountCreationPageTest" name="compareRegistrationAndProfileDetails" time="16.681"/>
  <testcase classname="com.mystore.testcases.AccountCreationPageTest" name="createUserAccountTest" time="16.052"/>
  <testcase classname="com.mystore.testcases.AccountCreationPageTest" name="displayAccountCreationFormTest" time="2.365"/>
  <testcase classname="com.mystore.testcases.SearchResultPageTest" name="productAvailabilityTest" time="2.968"/>
  <testcase classname="com.mystore.testcases.SearchResultPageTest" name="productAvailabilityWithCategoryTest" time="4.521"/>
  <testcase classname="com.mystore.testcases.IndexPageTest" name="addMultipleProductsToCartTest" time="6.646"/>
  <testcase classname="com.mystore.testcases.IndexPageTest" name="verifyLogo" time="0.054"/>
  <testcase classname="com.mystore.testcases.IndexPageTest" name="verifyTitle" time="0.006"/>
  <testcase classname="com.mystore.testcases.OrderPageTest" name="checkTotalPrice" time="6.664"/>
  <testcase classname="com.mystore.testcases.CartSummaryPageTest" name="checkTotalPrice" time="6.758"/>
  <testcase classname="com.mystore.testcases.CartSummaryPageTest" name="clickOnCheckOut" time="6.864"/>
  <testcase classname="com.mystore.testcases.HomePageTest" name="orderHistoryTest" time="1.174"/>
  <testcase classname="com.mystore.testcases.HomePageTest" name="wishListTest" time="1.418"/>
  <testcase classname="com.mystore.testcases.LoginPageTest" name="clickOnCreateAccountTest" time="2.329"/>
  <testcase classname="com.mystore.testcases.LoginPageTest" name="loginTest" time="1.556"/>
  <testcase classname="com.mystore.testcases.LoginPageTest" name="loginTestNotAuthorizedTest" time="1.158"/>
  <testcase classname="com.mystore.base.BaseClass" name="@BeforeTest loadConfig" time="0.0">
    <ignored/>
  </testcase> <!-- @BeforeTest loadConfig -->
  <testcase classname="com.mystore.base.BaseClass" name="@BeforeTest loadConfig" time="0.0">
    <ignored/>
  </testcase> <!-- @BeforeTest loadConfig -->
  <testcase classname="com.mystore.base.BaseClass" name="@BeforeTest loadConfig" time="0.0">
    <ignored/>
  </testcase> <!-- @BeforeTest loadConfig -->
  <testcase classname="com.mystore.base.BaseClass" name="@BeforeTest loadConfig" time="0.0">
    <ignored/>
  </testcase> <!-- @BeforeTest loadConfig -->
  <testcase classname="com.mystore.base.BaseClass" name="@BeforeTest loadConfig" time="0.0">
    <ignored/>
  </testcase> <!-- @BeforeTest loadConfig -->
  <testcase classname="com.mystore.base.BaseClass" name="@BeforeTest loadConfig" time="0.0">
    <ignored/>
  </testcase> <!-- @BeforeTest loadConfig -->
  <testcase classname="com.mystore.base.BaseClass" name="@BeforeTest loadConfig" time="0.0">
    <ignored/>
  </testcase> <!-- @BeforeTest loadConfig -->
</testsuite> <!-- Default test -->
