<?xml version="1.0" encoding="UTF-8"?>
<!-- Generated by org.testng.reporters.JUnitXMLReporter -->
<testsuite ignored="0" hostname="DESKTOP-BAPOS79" failures="0" tests="3" name="Default test" time="14.115" errors="0" timestamp="2021-12-29T14:50:27 CET">
  <testcase classname="com.mystore.testcases.LoginPageTest" name="clickOnCreateAccountTest" time="2.759"/>
  <testcase classname="com.mystore.testcases.LoginPageTest" name="loginTest" time="1.491"/>
  <testcase classname="com.mystore.testcases.LoginPageTest" name="loginTestNotAuthorizedTest" time="1.195"/>
</testsuite> <!-- Default test -->
