<?xml version="1.0" encoding="UTF-8"?>
<!-- Generated by org.testng.reporters.JUnitXMLReporter -->
<testsuite ignored="15" hostname="DESKTOP-BAPOS79" failures="0" tests="9" name="Test Smoke Groups" time="112.712" errors="0" timestamp="2022-01-04T12:13:06 CET">
  <testcase classname="com.mystore.testcases.LoginPageTest" name="clickOnCreateAccountTest" time="8.324"/>
  <testcase classname="com.mystore.testcases.LoginPageTest" name="loginTest" time="2.123"/>
  <testcase classname="com.mystore.testcases.LoginPageTest" name="loginTestNotAuthorizedTest" time="1.707"/>
  <testcase classname="com.mystore.testcases.IndexPageTest" name="addMultipleProductsToCartTest" time="6.455"/>
  <testcase classname="com.mystore.testcases.IndexPageTest" name="verifyLogo" time="0.095"/>
  <testcase classname="com.mystore.testcases.SearchResultPageTest" name="productAvailabilityTest" time="6.007"/>
  <testcase classname="com.mystore.testcases.SearchResultPageTest" name="productAvailabilityWithCategoryTest" time="7.621"/>
  <testcase classname="com.mystore.testcases.HomePageTest" name="orderHistoryTest" time="1.909"/>
  <testcase classname="com.mystore.testcases.HomePageTest" name="wishListTest" time="1.83"/>
  <testcase classname="com.mystore.testcases.CartSummaryPageTest" name="checkTotalPrice" time="0.0">
    <ignored/>
  </testcase> <!-- checkTotalPrice -->
  <testcase classname="com.mystore.base.BaseClass" name="@BeforeSuite loadConfig" time="0.0">
    <ignored/>
  </testcase> <!-- @BeforeSuite loadConfig -->
  <testcase classname="com.mystore.base.BaseClass" name="@BeforeSuite loadConfig" time="0.0">
    <ignored/>
  </testcase> <!-- @BeforeSuite loadConfig -->
  <testcase classname="com.mystore.base.BaseClass" name="@BeforeSuite loadConfig" time="0.0">
    <ignored/>
  </testcase> <!-- @BeforeSuite loadConfig -->
  <testcase classname="com.mystore.base.BaseClass" name="@BeforeSuite loadConfig" time="0.0">
    <ignored/>
  </testcase> <!-- @BeforeSuite loadConfig -->
  <testcase classname="com.mystore.base.BaseClass" name="@BeforeSuite loadConfig" time="0.0">
    <ignored/>
  </testcase> <!-- @BeforeSuite loadConfig -->
  <testcase classname="com.mystore.base.BaseClass" name="@BeforeSuite loadConfig" time="0.0">
    <ignored/>
  </testcase> <!-- @BeforeSuite loadConfig -->
  <testcase classname="com.mystore.base.BaseClass" name="@BeforeSuite loadConfig" time="0.0">
    <ignored/>
  </testcase> <!-- @BeforeSuite loadConfig -->
  <testcase classname="com.mystore.testcases.AccountCreationPageTest" name="createUserAccountTest" time="0.0">
    <ignored/>
  </testcase> <!-- createUserAccountTest -->
  <testcase classname="com.mystore.testcases.AccountCreationPageTest" name="displayAccountCreationFormTest" time="0.0">
    <ignored/>
  </testcase> <!-- displayAccountCreationFormTest -->
  <testcase classname="com.mystore.testcases.AccountCreationPageTest" name="compareRegistrationAndProfileDetails" time="0.0">
    <ignored/>
  </testcase> <!-- compareRegistrationAndProfileDetails -->
  <testcase classname="com.mystore.testcases.OrderPageTest" name="checkTotalPrice" time="0.0">
    <ignored/>
  </testcase> <!-- checkTotalPrice -->
  <testcase classname="com.mystore.testcases.IndexPageTest" name="verifyTitle" time="0.0">
    <ignored/>
  </testcase> <!-- verifyTitle -->
  <testcase classname="com.mystore.testcases.CartSummaryPageTest" name="clickOnCheckOut" time="0.0">
    <ignored/>
  </testcase> <!-- clickOnCheckOut -->
  <testcase classname="com.mystore.testcases.AddToCardPageTest" name="addToCartTest" time="0.0">
    <ignored/>
  </testcase> <!-- addToCartTest -->
</testsuite> <!-- Test Smoke Groups -->
