<?xml version="1.0" encoding="UTF-8"?>
<!-- Generated by org.testng.reporters.JUnitXMLReporter -->
<testsuite ignored="22" hostname="DESKTOP-BAPOS79" failures="0" tests="9" name="Test Smoke Groups" time="67.487" errors="0" timestamp="2022-01-02T22:45:42 CET">
  <testcase classname="com.mystore.testcases.LoginPageTest" name="clickOnCreateAccountTest" time="2.139"/>
  <testcase classname="com.mystore.testcases.LoginPageTest" name="loginTest" time="1.524"/>
  <testcase classname="com.mystore.testcases.LoginPageTest" name="loginTestNotAuthorizedTest" time="1.245"/>
  <testcase classname="com.mystore.testcases.IndexPageTest" name="addMultipleProductsToCartTest" time="5.81"/>
  <testcase classname="com.mystore.testcases.IndexPageTest" name="verifyLogo" time="0.058"/>
  <testcase classname="com.mystore.testcases.SearchResultPageTest" name="productAvailabilityTest" time="3.579"/>
  <testcase classname="com.mystore.testcases.SearchResultPageTest" name="productAvailabilityWithCategoryTest" time="3.846"/>
  <testcase classname="com.mystore.testcases.HomePageTest" name="orderHistoryTest" time="2.04"/>
  <testcase classname="com.mystore.testcases.HomePageTest" name="wishListTest" time="1.859"/>
  <testcase classname="com.mystore.testcases.CartSummaryPageTest" name="checkTotalPrice" time="0.0">
    <ignored/>
  </testcase> <!-- checkTotalPrice -->
  <testcase classname="com.mystore.base.BaseClass" name="@BeforeTest loadConfig" time="0.0">
    <ignored/>
  </testcase> <!-- @BeforeTest loadConfig -->
  <testcase classname="com.mystore.base.BaseClass" name="@BeforeTest loadConfig" time="0.0">
    <ignored/>
  </testcase> <!-- @BeforeTest loadConfig -->
  <testcase classname="com.mystore.base.BaseClass" name="@BeforeTest loadConfig" time="0.0">
    <ignored/>
  </testcase> <!-- @BeforeTest loadConfig -->
  <testcase classname="com.mystore.base.BaseClass" name="@BeforeTest loadConfig" time="0.0">
    <ignored/>
  </testcase> <!-- @BeforeTest loadConfig -->
  <testcase classname="com.mystore.base.BaseClass" name="@BeforeTest loadConfig" time="0.0">
    <ignored/>
  </testcase> <!-- @BeforeTest loadConfig -->
  <testcase classname="com.mystore.base.BaseClass" name="@BeforeTest loadConfig" time="0.0">
    <ignored/>
  </testcase> <!-- @BeforeTest loadConfig -->
  <testcase classname="com.mystore.base.BaseClass" name="@BeforeTest loadConfig" time="0.0">
    <ignored/>
  </testcase> <!-- @BeforeTest loadConfig -->
  <testcase classname="com.mystore.base.BaseClass" name="@BeforeSuite beforeSuite" time="0.0">
    <ignored/>
  </testcase> <!-- @BeforeSuite beforeSuite -->
  <testcase classname="com.mystore.base.BaseClass" name="@BeforeSuite beforeSuite" time="0.0">
    <ignored/>
  </testcase> <!-- @BeforeSuite beforeSuite -->
  <testcase classname="com.mystore.base.BaseClass" name="@BeforeSuite beforeSuite" time="0.0">
    <ignored/>
  </testcase> <!-- @BeforeSuite beforeSuite -->
  <testcase classname="com.mystore.base.BaseClass" name="@BeforeSuite beforeSuite" time="0.0">
    <ignored/>
  </testcase> <!-- @BeforeSuite beforeSuite -->
  <testcase classname="com.mystore.base.BaseClass" name="@BeforeSuite beforeSuite" time="0.0">
    <ignored/>
  </testcase> <!-- @BeforeSuite beforeSuite -->
  <testcase classname="com.mystore.base.BaseClass" name="@BeforeSuite beforeSuite" time="0.0">
    <ignored/>
  </testcase> <!-- @BeforeSuite beforeSuite -->
  <testcase classname="com.mystore.base.BaseClass" name="@BeforeSuite beforeSuite" time="0.0">
    <ignored/>
  </testcase> <!-- @BeforeSuite beforeSuite -->
  <testcase classname="com.mystore.testcases.AccountCreationPageTest" name="createUserAccountTest" time="0.0">
    <ignored/>
  </testcase> <!-- createUserAccountTest -->
  <testcase classname="com.mystore.testcases.AccountCreationPageTest" name="displayAccountCreationFormTest" time="0.0">
    <ignored/>
  </testcase> <!-- displayAccountCreationFormTest -->
  <testcase classname="com.mystore.testcases.AccountCreationPageTest" name="compareRegistrationAndProfileDetails" time="0.0">
    <ignored/>
  </testcase> <!-- compareRegistrationAndProfileDetails -->
  <testcase classname="com.mystore.testcases.OrderPageTest" name="checkTotalPrice" time="0.0">
    <ignored/>
  </testcase> <!-- checkTotalPrice -->
  <testcase classname="com.mystore.testcases.IndexPageTest" name="verifyTitle" time="0.0">
    <ignored/>
  </testcase> <!-- verifyTitle -->
  <testcase classname="com.mystore.testcases.CartSummaryPageTest" name="clickOnCheckOut" time="0.0">
    <ignored/>
  </testcase> <!-- clickOnCheckOut -->
  <testcase classname="com.mystore.testcases.AddToCardPageTest" name="addToCartTest" time="0.0">
    <ignored/>
  </testcase> <!-- addToCartTest -->
</testsuite> <!-- Test Smoke Groups -->
