<?xml version="1.0" encoding="UTF-8"?>
<!-- Generated by org.testng.reporters.JUnitXMLReporter -->
<testsuite ignored="14" hostname="DESKTOP-BAPOS79" failures="0" tests="17" name="Test All Classes" time="118.615" errors="0" timestamp="2022-01-13T15:29:26 CET">
  <testcase classname="com.mystore.testcases.CartSummaryPageTest" name="checkTotalPrice" time="5.041"/>
  <testcase classname="com.mystore.testcases.CartSummaryPageTest" name="clickOnCheckOut" time="5.398"/>
  <testcase classname="com.mystore.testcases.LoginPageTest" name="clickOnCreateAccountTest" time="1.654"/>
  <testcase classname="com.mystore.testcases.LoginPageTest" name="loginTest" time="1.417"/>
  <testcase classname="com.mystore.testcases.LoginPageTest" name="loginTestNotAuthorizedTest" time="1.164"/>
  <testcase classname="com.mystore.testcases.AddToCardPageTest" name="addToCartTest" time="5.266"/>
  <testcase classname="com.mystore.testcases.AccountCreationPageTest" name="compareRegistrationAndProfileDetails" time="19.815"/>
  <testcase classname="com.mystore.testcases.AccountCreationPageTest" name="createUserAccountTest" time="19.217"/>
  <testcase classname="com.mystore.testcases.AccountCreationPageTest" name="displayAccountCreationFormTest" time="1.632"/>
  <testcase classname="com.mystore.testcases.IndexPageTest" name="addMultipleProductsToCartTest" time="5.848"/>
  <testcase classname="com.mystore.testcases.IndexPageTest" name="verifyLogo" time="0.05"/>
  <testcase classname="com.mystore.testcases.IndexPageTest" name="verifyTitle" time="0.004"/>
  <testcase classname="com.mystore.testcases.SearchResultPageTest" name="productAvailabilityTest" time="1.886"/>
  <testcase classname="com.mystore.testcases.SearchResultPageTest" name="productAvailabilityWithCategoryTest" time="3.255"/>
  <testcase classname="com.mystore.testcases.HomePageTest" name="orderHistoryTest" time="1.158"/>
  <testcase classname="com.mystore.testcases.HomePageTest" name="wishListTest" time="1.222"/>
  <testcase classname="com.mystore.testcases.OrderPageTest" name="checkTotalPrice" time="4.706"/>
  <testcase classname="com.mystore.base.BaseClass" name="@BeforeSuite loadConfig" time="0.0">
    <ignored/>
  </testcase> <!-- @BeforeSuite loadConfig -->
  <testcase classname="com.mystore.base.BaseClass" name="@BeforeSuite loadConfig" time="0.0">
    <ignored/>
  </testcase> <!-- @BeforeSuite loadConfig -->
  <testcase classname="com.mystore.base.BaseClass" name="@BeforeSuite loadConfig" time="0.0">
    <ignored/>
  </testcase> <!-- @BeforeSuite loadConfig -->
  <testcase classname="com.mystore.base.BaseClass" name="@BeforeSuite loadConfig" time="0.0">
    <ignored/>
  </testcase> <!-- @BeforeSuite loadConfig -->
  <testcase classname="com.mystore.base.BaseClass" name="@BeforeSuite loadConfig" time="0.0">
    <ignored/>
  </testcase> <!-- @BeforeSuite loadConfig -->
  <testcase classname="com.mystore.base.BaseClass" name="@BeforeSuite loadConfig" time="0.0">
    <ignored/>
  </testcase> <!-- @BeforeSuite loadConfig -->
  <testcase classname="com.mystore.base.BaseClass" name="@BeforeSuite loadConfig" time="0.0">
    <ignored/>
  </testcase> <!-- @BeforeSuite loadConfig -->
  <testcase classname="com.mystore.base.BaseClass" name="@AfterSuite afterSuite" time="0.0">
    <ignored/>
  </testcase> <!-- @AfterSuite afterSuite -->
  <testcase classname="com.mystore.base.BaseClass" name="@AfterSuite afterSuite" time="0.0">
    <ignored/>
  </testcase> <!-- @AfterSuite afterSuite -->
  <testcase classname="com.mystore.base.BaseClass" name="@AfterSuite afterSuite" time="0.0">
    <ignored/>
  </testcase> <!-- @AfterSuite afterSuite -->
  <testcase classname="com.mystore.base.BaseClass" name="@AfterSuite afterSuite" time="0.0">
    <ignored/>
  </testcase> <!-- @AfterSuite afterSuite -->
  <testcase classname="com.mystore.base.BaseClass" name="@AfterSuite afterSuite" time="0.0">
    <ignored/>
  </testcase> <!-- @AfterSuite afterSuite -->
  <testcase classname="com.mystore.base.BaseClass" name="@AfterSuite afterSuite" time="0.0">
    <ignored/>
  </testcase> <!-- @AfterSuite afterSuite -->
  <testcase classname="com.mystore.base.BaseClass" name="@AfterSuite afterSuite" time="0.0">
    <ignored/>
  </testcase> <!-- @AfterSuite afterSuite -->
</testsuite> <!-- Test All Classes -->
