<?xml version="1.0" encoding="UTF-8"?>
<!-- Generated by org.testng.reporters.JUnitXMLReporter -->
<testsuite ignored="14" hostname="DESKTOP-BAPOS79" failures="0" tests="17" name="Test All Classes" time="164.686" errors="0" timestamp="2022-01-02T23:16:40 CET">
  <testcase classname="com.mystore.testcases.CartSummaryPageTest" name="checkTotalPrice" time="16.922"/>
  <testcase classname="com.mystore.testcases.CartSummaryPageTest" name="clickOnCheckOut" time="13.229"/>
  <testcase classname="com.mystore.testcases.LoginPageTest" name="clickOnCreateAccountTest" time="2.245"/>
  <testcase classname="com.mystore.testcases.LoginPageTest" name="loginTest" time="1.578"/>
  <testcase classname="com.mystore.testcases.LoginPageTest" name="loginTestNotAuthorizedTest" time="1.237"/>
  <testcase classname="com.mystore.testcases.AddToCardPageTest" name="addToCartTest" time="9.981"/>
  <testcase classname="com.mystore.testcases.AccountCreationPageTest" name="compareRegistrationAndProfileDetails" time="20.842"/>
  <testcase classname="com.mystore.testcases.AccountCreationPageTest" name="createUserAccountTest" time="19.745"/>
  <testcase classname="com.mystore.testcases.AccountCreationPageTest" name="displayAccountCreationFormTest" time="2.223"/>
  <testcase classname="com.mystore.testcases.IndexPageTest" name="addMultipleProductsToCartTest" time="5.64"/>
  <testcase classname="com.mystore.testcases.IndexPageTest" name="verifyLogo" time="0.048"/>
  <testcase classname="com.mystore.testcases.IndexPageTest" name="verifyTitle" time="0.006"/>
  <testcase classname="com.mystore.testcases.SearchResultPageTest" name="productAvailabilityTest" time="2.427"/>
  <testcase classname="com.mystore.testcases.SearchResultPageTest" name="productAvailabilityWithCategoryTest" time="3.753"/>
  <testcase classname="com.mystore.testcases.HomePageTest" name="orderHistoryTest" time="1.193"/>
  <testcase classname="com.mystore.testcases.HomePageTest" name="wishListTest" time="1.195"/>
  <testcase classname="com.mystore.testcases.OrderPageTest" name="checkTotalPrice" time="11.597"/>
  <testcase classname="com.mystore.base.BaseClass" name="@BeforeSuite loadConfig" time="0.0">
    <ignored/>
  </testcase> <!-- @BeforeSuite loadConfig -->
  <testcase classname="com.mystore.base.BaseClass" name="@BeforeSuite loadConfig" time="0.0">
    <ignored/>
  </testcase> <!-- @BeforeSuite loadConfig -->
  <testcase classname="com.mystore.base.BaseClass" name="@BeforeSuite loadConfig" time="0.0">
    <ignored/>
  </testcase> <!-- @BeforeSuite loadConfig -->
  <testcase classname="com.mystore.base.BaseClass" name="@BeforeSuite loadConfig" time="0.0">
    <ignored/>
  </testcase> <!-- @BeforeSuite loadConfig -->
  <testcase classname="com.mystore.base.BaseClass" name="@BeforeSuite loadConfig" time="0.0">
    <ignored/>
  </testcase> <!-- @BeforeSuite loadConfig -->
  <testcase classname="com.mystore.base.BaseClass" name="@BeforeSuite loadConfig" time="0.0">
    <ignored/>
  </testcase> <!-- @BeforeSuite loadConfig -->
  <testcase classname="com.mystore.base.BaseClass" name="@BeforeSuite loadConfig" time="0.0">
    <ignored/>
  </testcase> <!-- @BeforeSuite loadConfig -->
  <testcase classname="com.mystore.base.BaseClass" name="@AfterSuite afterSuite" time="0.0">
    <ignored/>
  </testcase> <!-- @AfterSuite afterSuite -->
  <testcase classname="com.mystore.base.BaseClass" name="@AfterSuite afterSuite" time="0.0">
    <ignored/>
  </testcase> <!-- @AfterSuite afterSuite -->
  <testcase classname="com.mystore.base.BaseClass" name="@AfterSuite afterSuite" time="0.0">
    <ignored/>
  </testcase> <!-- @AfterSuite afterSuite -->
  <testcase classname="com.mystore.base.BaseClass" name="@AfterSuite afterSuite" time="0.0">
    <ignored/>
  </testcase> <!-- @AfterSuite afterSuite -->
  <testcase classname="com.mystore.base.BaseClass" name="@AfterSuite afterSuite" time="0.0">
    <ignored/>
  </testcase> <!-- @AfterSuite afterSuite -->
  <testcase classname="com.mystore.base.BaseClass" name="@AfterSuite afterSuite" time="0.0">
    <ignored/>
  </testcase> <!-- @AfterSuite afterSuite -->
  <testcase classname="com.mystore.base.BaseClass" name="@AfterSuite afterSuite" time="0.0">
    <ignored/>
  </testcase> <!-- @AfterSuite afterSuite -->
</testsuite> <!-- Test All Classes -->
